<?xml version="1.0" encoding="UTF-8"?>
<testsuite xmlns:xsi="http://www.w3.org/2001/XMLSchema-instance" xsi:noNamespaceSchemaLocation="https://maven.apache.org/surefire/maven-surefire-plugin/xsd/surefire-test-report-3.0.xsd" version="3.0" name="org.boniardi.guesswords.helper.GameHelperTest" time="0.109" tests="3" errors="0" skipped="0" failures="0">
  <properties>
[...]
</properties>
  <testcase name="testGetHowManyAnswerByLevel" classname="org.boniardi.guesswords.helper.GameHelperTest" time="0.009">
    <system-out><![CDATA[getHowManyAnswerByLevel
]]></system-out>
  </testcase>
  <testcase name="testCreateNewGame_numberOfAnswers" classname="org.boniardi.guesswords.helper.GameHelperTest" time="0.006">
    <system-out><![CDATA[createNewGame
DuplicateListSize: 547
DuplicateListSize: 547
DuplicateListSize: 547
DuplicateListSize: 547
DuplicateListSize: 547
]]></system-out>
  </testcase>
  <testcase name="testCreateNewGame_numberOfQuestions" classname="org.boniardi.guesswords.helper.GameHelperTest" time="0.002">
    <system-out><![CDATA[createNewGame
DuplicateListSize: 547
DuplicateListSize: 547
DuplicateListSize: 547
DuplicateListSize: 547
DuplicateListSize: 547
]]></system-out>
  </testcase>
</testsuite>